000 (19754877.000.000) 2025-05-14 18:46:07 Job submitted from host: <10.5.0.107:9618?addrs=10.5.0.107-9618&alias=sugwg-login.syr.edu&noUDP&sock=schedd_1257_c6a2>
    DAG Node: create_dir_gw.dax_0_local
    pool:local
...
001 (19754877.000.000) 2025-05-14 18:46:11 Job executing on host: <10.5.0.107:9618?addrs=10.5.0.107-9618&alias=sugwg-login.syr.edu&noUDP&sock=starter_4054394_19c0_1101485>
...
005 (19754877.000.000) 2025-05-14 18:46:13 Job terminated.
	(1) Normal termination (return value 0)
		Usr 0 00:00:00, Sys 0 00:00:00  -  Run Remote Usage
		Usr 0 00:00:00, Sys 0 00:00:00  -  Run Local Usage
		Usr 0 00:00:00, Sys 0 00:00:00  -  Total Remote Usage
		Usr 0 00:00:00, Sys 0 00:00:00  -  Total Local Usage
	0  -  Run Bytes Sent By Job
	0  -  Run Bytes Received By Job
	0  -  Total Bytes Sent By Job
	0  -  Total Bytes Received By Job
...
016 (19754877.000.000) 2025-05-14 18:46:17 POST Script terminated.
	(1) Normal termination (return value 0)
    DAG Node: create_dir_gw.dax_0_local
...
000 (19754878.000.000) 2025-05-14 18:46:27 Job submitted from host: <10.5.0.107:9618?addrs=10.5.0.107-9618&alias=sugwg-login.syr.edu&noUDP&sock=schedd_1257_c6a2>
    DAG Node: inference_ID0_ID0000001
    pool:condorpool_symlink
...
000 (19754879.000.000) 2025-05-14 18:46:27 Job submitted from host: <10.5.0.107:9618?addrs=10.5.0.107-9618&alias=sugwg-login.syr.edu&noUDP&sock=schedd_1257_c6a2>
    DAG Node: inference_ID0_ID0000004
    pool:condorpool_symlink
...
001 (19754878.000.000) 2025-05-14 18:46:52 Job executing on host: <10.5.224.138:9618?addrs=10.5.224.138-9618&alias=CRUSH-OG-10-5-224-138&noUDP&sock=startd_1288_0a12>
...
001 (19754879.000.000) 2025-05-14 18:46:52 Job executing on host: <10.5.210.182:9618?addrs=10.5.210.182-9618&alias=CRUSH-OG-10-5-210-182&noUDP&sock=startd_1255_6772>
...
005 (19754879.000.000) 2025-05-14 18:49:30 Job terminated.
	(1) Normal termination (return value 0)
		Usr 0 00:15:04, Sys 0 00:01:07  -  Run Remote Usage
		Usr 0 00:00:00, Sys 0 00:00:00  -  Run Local Usage
		Usr 0 00:15:04, Sys 0 00:01:07  -  Total Remote Usage
		Usr 0 00:00:00, Sys 0 00:00:00  -  Total Local Usage
	95590  -  Run Bytes Sent By Job
	9134115  -  Run Bytes Received By Job
	95590  -  Total Bytes Sent By Job
	9134115  -  Total Bytes Received By Job
	Partitionable Resources :    Usage  Request Allocated 
	   Cpus                 :    15.35       16        16 
	   Disk (KB)            :  9039    16777216  16799042 
	   Memory (MB)          :     2       12288     12288 

	Job terminated of its own accord at 2025-05-14T22:49:30Z with exit-code 0.
...
016 (19754879.000.000) 2025-05-14 18:49:33 POST Script terminated.
	(1) Normal termination (return value 0)
    DAG Node: inference_ID0_ID0000004
...
000 (19754880.000.000) 2025-05-14 18:49:42 Job submitted from host: <10.5.0.107:9618?addrs=10.5.0.107-9618&alias=sugwg-login.syr.edu&noUDP&sock=schedd_1257_c6a2>
    DAG Node: demarg_ID1_ID0000005
    pool:condorpool_symlink
...
005 (19754878.000.000) 2025-05-14 18:49:46 Job terminated.
	(1) Normal termination (return value 0)
		Usr 0 00:18:20, Sys 0 00:01:13  -  Run Remote Usage
		Usr 0 00:00:00, Sys 0 00:00:00  -  Run Local Usage
		Usr 0 00:18:20, Sys 0 00:01:13  -  Total Remote Usage
		Usr 0 00:00:00, Sys 0 00:00:00  -  Total Local Usage
	125070  -  Run Bytes Sent By Job
	9134115  -  Run Bytes Received By Job
	125070  -  Total Bytes Sent By Job
	9134115  -  Total Bytes Received By Job
	Partitionable Resources :    Usage  Request Allocated 
	   Cpus                 :     8.07       16        16 
	   Disk (KB)            :  9068    16777216  16821033 
	   Memory (MB)          :     2       12288     12288 

	Job terminated of its own accord at 2025-05-14T22:49:46Z with exit-code 0.
...
016 (19754878.000.000) 2025-05-14 18:49:47 POST Script terminated.
	(1) Normal termination (return value 0)
    DAG Node: inference_ID0_ID0000001
...
000 (19754881.000.000) 2025-05-14 18:49:57 Job submitted from host: <10.5.0.107:9618?addrs=10.5.0.107-9618&alias=sugwg-login.syr.edu&noUDP&sock=schedd_1257_c6a2>
    DAG Node: stage_out_local_local_0_0
    pool:local
...
000 (19754882.000.000) 2025-05-14 18:49:57 Job submitted from host: <10.5.0.107:9618?addrs=10.5.0.107-9618&alias=sugwg-login.syr.edu&noUDP&sock=schedd_1257_c6a2>
    DAG Node: demarg_ID1_ID0000002
    pool:condorpool_symlink
...
001 (19754880.000.000) 2025-05-14 18:50:00 Job executing on host: <10.5.141.123:9618?addrs=10.5.141.123-9618&alias=CRUSH-OG-10-5-141-123&noUDP&sock=startd_2745731_aa14>
...
001 (19754881.000.000) 2025-05-14 18:50:01 Job executing on host: <10.5.0.107:9618?addrs=10.5.0.107-9618&alias=sugwg-login.syr.edu&noUDP&sock=starter_4054394_19c0_1101489>
...
005 (19754881.000.000) 2025-05-14 18:50:05 Job terminated.
	(1) Normal termination (return value 0)
		Usr 0 00:00:00, Sys 0 00:00:00  -  Run Remote Usage
		Usr 0 00:00:00, Sys 0 00:00:00  -  Run Local Usage
		Usr 0 00:00:00, Sys 0 00:00:00  -  Total Remote Usage
		Usr 0 00:00:00, Sys 0 00:00:00  -  Total Local Usage
	0  -  Run Bytes Sent By Job
	0  -  Run Bytes Received By Job
	0  -  Total Bytes Sent By Job
	0  -  Total Bytes Received By Job
...
016 (19754881.000.000) 2025-05-14 18:50:07 POST Script terminated.
	(1) Normal termination (return value 0)
    DAG Node: stage_out_local_local_0_0
...
001 (19754882.000.000) 2025-05-14 18:50:32 Job executing on host: <10.5.141.47:9618?addrs=10.5.141.47-9618&alias=CRUSH-OG-10-5-141-47&noUDP&sock=startd_2426589_cc26>
...
005 (19754880.000.000) 2025-05-14 18:51:22 Job terminated.
	(1) Normal termination (return value 0)
		Usr 0 00:04:49, Sys 0 00:00:54  -  Run Remote Usage
		Usr 0 00:00:00, Sys 0 00:00:00  -  Run Local Usage
		Usr 0 00:04:49, Sys 0 00:00:54  -  Total Remote Usage
		Usr 0 00:00:00, Sys 0 00:00:00  -  Total Local Usage
	25017  -  Run Bytes Sent By Job
	9134286  -  Run Bytes Received By Job
	25017  -  Total Bytes Sent By Job
	9134286  -  Total Bytes Received By Job
	Partitionable Resources :    Usage  Request Allocated 
	   Cpus                 :                 1         1 
	   Disk (KB)            :     8965    10000     27908 
	   Memory (MB)          :       19        1       128 

	Job terminated of its own accord at 2025-05-14T22:51:22Z with exit-code 0.
...
016 (19754880.000.000) 2025-05-14 18:51:22 POST Script terminated.
	(1) Normal termination (return value 0)
    DAG Node: demarg_ID1_ID0000005
...
000 (19754883.000.000) 2025-05-14 18:51:32 Job submitted from host: <10.5.0.107:9618?addrs=10.5.0.107-9618&alias=sugwg-login.syr.edu&noUDP&sock=schedd_1257_c6a2>
    DAG Node: plot_ID2_ID0000006
    pool:condorpool_symlink
...
001 (19754883.000.000) 2025-05-14 18:51:38 Job executing on host: <10.5.141.123:9618?addrs=10.5.141.123-9618&alias=CRUSH-OG-10-5-141-123&noUDP&sock=startd_2745731_aa14>
...
005 (19754882.000.000) 2025-05-14 18:52:09 Job terminated.
	(1) Normal termination (return value 0)
		Usr 0 00:09:30, Sys 0 00:01:32  -  Run Remote Usage
		Usr 0 00:00:00, Sys 0 00:00:00  -  Run Local Usage
		Usr 0 00:09:30, Sys 0 00:01:32  -  Total Remote Usage
		Usr 0 00:00:00, Sys 0 00:00:00  -  Total Local Usage
	26517  -  Run Bytes Sent By Job
	9134286  -  Run Bytes Received By Job
	26517  -  Total Bytes Sent By Job
	9134286  -  Total Bytes Received By Job
	Partitionable Resources :    Usage  Request Allocated 
	   Cpus                 :     0.69        1         1 
	   Disk (KB)            :  8972       10000     28948 
	   Memory (MB)          :     2           1       128 

	Job terminated of its own accord at 2025-05-14T22:52:09Z with exit-code 0.
...
016 (19754882.000.000) 2025-05-14 18:52:13 POST Script terminated.
	(1) Normal termination (return value 0)
    DAG Node: demarg_ID1_ID0000002
...
005 (19754883.000.000) 2025-05-14 18:52:13 Job terminated.
	(1) Normal termination (return value 0)
		Usr 0 00:00:14, Sys 0 00:00:02  -  Run Remote Usage
		Usr 0 00:00:00, Sys 0 00:00:00  -  Run Local Usage
		Usr 0 00:00:14, Sys 0 00:00:02  -  Total Remote Usage
		Usr 0 00:00:00, Sys 0 00:00:00  -  Total Local Usage
	9797  -  Run Bytes Sent By Job
	9134372  -  Run Bytes Received By Job
	9797  -  Total Bytes Sent By Job
	9134372  -  Total Bytes Received By Job
	Partitionable Resources :    Usage  Request Allocated 
	   Cpus                 :     0.01        1         1 
	   Disk (KB)            :  8956       10000     27908 
	   Memory (MB)          :    19           1       128 

	Job terminated of its own accord at 2025-05-14T22:52:12Z with exit-code 0.
...
016 (19754883.000.000) 2025-05-14 18:52:17 POST Script terminated.
	(1) Normal termination (return value 0)
    DAG Node: plot_ID2_ID0000006
...
000 (19754884.000.000) 2025-05-14 18:52:22 Job submitted from host: <10.5.0.107:9618?addrs=10.5.0.107-9618&alias=sugwg-login.syr.edu&noUDP&sock=schedd_1257_c6a2>
    DAG Node: clean_up_local_level_3_0
    pool:local
...
000 (19754885.000.000) 2025-05-14 18:52:22 Job submitted from host: <10.5.0.107:9618?addrs=10.5.0.107-9618&alias=sugwg-login.syr.edu&noUDP&sock=schedd_1257_c6a2>
    DAG Node: stage_out_local_local_1_0
    pool:local
...
000 (19754886.000.000) 2025-05-14 18:52:22 Job submitted from host: <10.5.0.107:9618?addrs=10.5.0.107-9618&alias=sugwg-login.syr.edu&noUDP&sock=schedd_1257_c6a2>
    DAG Node: plot_ID2_ID0000003
    pool:condorpool_symlink
...
001 (19754884.000.000) 2025-05-14 18:52:22 Job executing on host: <10.5.0.107:9618?addrs=10.5.0.107-9618&alias=sugwg-login.syr.edu&noUDP&sock=starter_4054394_19c0_1101493>
...
001 (19754885.000.000) 2025-05-14 18:52:22 Job executing on host: <10.5.0.107:9618?addrs=10.5.0.107-9618&alias=sugwg-login.syr.edu&noUDP&sock=starter_4054394_19c0_1101494>
...
005 (19754885.000.000) 2025-05-14 18:52:26 Job terminated.
	(1) Normal termination (return value 0)
		Usr 0 00:00:00, Sys 0 00:00:00  -  Run Remote Usage
		Usr 0 00:00:00, Sys 0 00:00:00  -  Run Local Usage
		Usr 0 00:00:00, Sys 0 00:00:00  -  Total Remote Usage
		Usr 0 00:00:00, Sys 0 00:00:00  -  Total Local Usage
	0  -  Run Bytes Sent By Job
	0  -  Run Bytes Received By Job
	0  -  Total Bytes Sent By Job
	0  -  Total Bytes Received By Job
...
005 (19754884.000.000) 2025-05-14 18:52:26 Job terminated.
	(1) Normal termination (return value 0)
		Usr 0 00:00:00, Sys 0 00:00:00  -  Run Remote Usage
		Usr 0 00:00:00, Sys 0 00:00:00  -  Run Local Usage
		Usr 0 00:00:00, Sys 0 00:00:00  -  Total Remote Usage
		Usr 0 00:00:00, Sys 0 00:00:00  -  Total Local Usage
	0  -  Run Bytes Sent By Job
	0  -  Run Bytes Received By Job
	0  -  Total Bytes Sent By Job
	0  -  Total Bytes Received By Job
...
016 (19754884.000.000) 2025-05-14 18:52:27 POST Script terminated.
	(1) Normal termination (return value 0)
    DAG Node: clean_up_local_level_3_0
...
016 (19754885.000.000) 2025-05-14 18:52:27 POST Script terminated.
	(1) Normal termination (return value 0)
    DAG Node: stage_out_local_local_1_0
...
001 (19754886.000.000) 2025-05-14 18:52:27 Job executing on host: <10.5.141.123:9618?addrs=10.5.141.123-9618&alias=CRUSH-OG-10-5-141-123&noUDP&sock=startd_2745731_aa14>
...
005 (19754886.000.000) 2025-05-14 18:53:02 Job terminated.
	(1) Normal termination (return value 0)
		Usr 0 00:00:17, Sys 0 00:00:02  -  Run Remote Usage
		Usr 0 00:00:00, Sys 0 00:00:00  -  Run Local Usage
		Usr 0 00:00:17, Sys 0 00:00:02  -  Total Remote Usage
		Usr 0 00:00:00, Sys 0 00:00:00  -  Total Local Usage
	9795  -  Run Bytes Sent By Job
	9134372  -  Run Bytes Received By Job
	9795  -  Total Bytes Sent By Job
	9134372  -  Total Bytes Received By Job
	Partitionable Resources :    Usage  Request Allocated 
	   Cpus                 :                 1         1 
	   Disk (KB)            :     8950    10000     27908 
	   Memory (MB)          :        1        1       128 

	Job terminated of its own accord at 2025-05-14T22:53:02Z with exit-code 0.
...
016 (19754886.000.000) 2025-05-14 18:53:07 POST Script terminated.
	(1) Normal termination (return value 0)
    DAG Node: plot_ID2_ID0000003
...
000 (19754887.000.000) 2025-05-14 18:53:17 Job submitted from host: <10.5.0.107:9618?addrs=10.5.0.107-9618&alias=sugwg-login.syr.edu&noUDP&sock=schedd_1257_c6a2>
    DAG Node: clean_up_local_level_4_0
    pool:local
...
000 (19754888.000.000) 2025-05-14 18:53:17 Job submitted from host: <10.5.0.107:9618?addrs=10.5.0.107-9618&alias=sugwg-login.syr.edu&noUDP&sock=schedd_1257_c6a2>
    DAG Node: stage_out_local_local_2_0
    pool:local
...
001 (19754887.000.000) 2025-05-14 18:53:17 Job executing on host: <10.5.0.107:9618?addrs=10.5.0.107-9618&alias=sugwg-login.syr.edu&noUDP&sock=starter_4054394_19c0_1101495>
...
001 (19754888.000.000) 2025-05-14 18:53:17 Job executing on host: <10.5.0.107:9618?addrs=10.5.0.107-9618&alias=sugwg-login.syr.edu&noUDP&sock=starter_4054394_19c0_1101496>
...
005 (19754887.000.000) 2025-05-14 18:53:21 Job terminated.
	(1) Normal termination (return value 0)
		Usr 0 00:00:00, Sys 0 00:00:00  -  Run Remote Usage
		Usr 0 00:00:00, Sys 0 00:00:00  -  Run Local Usage
		Usr 0 00:00:00, Sys 0 00:00:00  -  Total Remote Usage
		Usr 0 00:00:00, Sys 0 00:00:00  -  Total Local Usage
	0  -  Run Bytes Sent By Job
	0  -  Run Bytes Received By Job
	0  -  Total Bytes Sent By Job
	0  -  Total Bytes Received By Job
...
005 (19754888.000.000) 2025-05-14 18:53:21 Job terminated.
	(1) Normal termination (return value 0)
		Usr 0 00:00:00, Sys 0 00:00:00  -  Run Remote Usage
		Usr 0 00:00:00, Sys 0 00:00:00  -  Run Local Usage
		Usr 0 00:00:00, Sys 0 00:00:00  -  Total Remote Usage
		Usr 0 00:00:00, Sys 0 00:00:00  -  Total Local Usage
	0  -  Run Bytes Sent By Job
	0  -  Run Bytes Received By Job
	0  -  Total Bytes Sent By Job
	0  -  Total Bytes Received By Job
...
016 (19754887.000.000) 2025-05-14 18:53:22 POST Script terminated.
	(1) Normal termination (return value 0)
    DAG Node: clean_up_local_level_4_0
...
016 (19754888.000.000) 2025-05-14 18:53:22 POST Script terminated.
	(1) Normal termination (return value 0)
    DAG Node: stage_out_local_local_2_0
...
000 (19754889.000.000) 2025-05-14 18:53:32 Job submitted from host: <10.5.0.107:9618?addrs=10.5.0.107-9618&alias=sugwg-login.syr.edu&noUDP&sock=schedd_1257_c6a2>
    DAG Node: clean_up_local_level_5_0
    pool:local
...
001 (19754889.000.000) 2025-05-14 18:53:32 Job executing on host: <10.5.0.107:9618?addrs=10.5.0.107-9618&alias=sugwg-login.syr.edu&noUDP&sock=starter_4054394_19c0_1101497>
...
005 (19754889.000.000) 2025-05-14 18:53:37 Job terminated.
	(1) Normal termination (return value 0)
		Usr 0 00:00:00, Sys 0 00:00:00  -  Run Remote Usage
		Usr 0 00:00:00, Sys 0 00:00:00  -  Run Local Usage
		Usr 0 00:00:00, Sys 0 00:00:00  -  Total Remote Usage
		Usr 0 00:00:00, Sys 0 00:00:00  -  Total Local Usage
	0  -  Run Bytes Sent By Job
	0  -  Run Bytes Received By Job
	0  -  Total Bytes Sent By Job
	0  -  Total Bytes Received By Job
...
016 (19754889.000.000) 2025-05-14 18:53:37 POST Script terminated.
	(1) Normal termination (return value 0)
    DAG Node: clean_up_local_level_5_0
...
000 (19754890.000.000) 2025-05-14 18:53:47 Job submitted from host: <10.5.0.107:9618?addrs=10.5.0.107-9618&alias=sugwg-login.syr.edu&noUDP&sock=schedd_1257_c6a2>
    DAG Node: cleanup_gw.dax_0_local
    pool:local
...
001 (19754890.000.000) 2025-05-14 18:53:48 Job executing on host: <10.5.0.107:9618?addrs=10.5.0.107-9618&alias=sugwg-login.syr.edu&noUDP&sock=starter_4054394_19c0_1101498>
...
005 (19754890.000.000) 2025-05-14 18:53:50 Job terminated.
	(1) Normal termination (return value 0)
		Usr 0 00:00:00, Sys 0 00:00:00  -  Run Remote Usage
		Usr 0 00:00:00, Sys 0 00:00:00  -  Run Local Usage
		Usr 0 00:00:00, Sys 0 00:00:00  -  Total Remote Usage
		Usr 0 00:00:00, Sys 0 00:00:00  -  Total Local Usage
	0  -  Run Bytes Sent By Job
	0  -  Run Bytes Received By Job
	0  -  Total Bytes Sent By Job
	0  -  Total Bytes Received By Job
...
016 (19754890.000.000) 2025-05-14 18:53:53 POST Script terminated.
	(1) Normal termination (return value 0)
    DAG Node: cleanup_gw.dax_0_local
...
